<?xml version="1.0" encoding="UTF-8"?>
<!-- Generated by org.testng.reporters.JUnitReportReporter -->
<testsuite skipped="0" hostname="LAPTOP-KT1OJQHA" name="PracticeWebAutomation.PracticeWebAutomation.Testw" tests="1" failures="0" timestamp="15 Dec 2024 17:46:37 GMT" time="5.372" errors="0">
  <testcase name="main" time="5.372" classname="PracticeWebAutomation.PracticeWebAutomation.Testw"/>
</testsuite> <!-- PracticeWebAutomation.PracticeWebAutomation.Testw -->
